[debug] [2022-11-24T10:00:57.332Z] ----------------------------------------------------------------------
[debug] [2022-11-24T10:00:57.336Z] Command:       C:\Program Files\nodejs\node.exe C:\Users\Asus\AppData\Roaming\npm\node_modules\firebase-tools\lib\bin\firebase.js init
[debug] [2022-11-24T10:00:57.336Z] CLI Version:   11.16.1
[debug] [2022-11-24T10:00:57.336Z] Platform:      win32
[debug] [2022-11-24T10:00:57.336Z] Node Version:  v16.15.1
[debug] [2022-11-24T10:00:57.338Z] Time:          Thu Nov 24 2022 16:00:57 GMT+0600 (Bangladesh Standard Time)
[debug] [2022-11-24T10:00:57.338Z] ----------------------------------------------------------------------
[debug] 
[debug] [2022-11-24T10:00:57.342Z] >>> [apiv2][query] GET https://firebase-public.firebaseio.com/cli.json [none]
[debug] [2022-11-24T10:00:57.370Z] > command requires scopes: ["email","openid","https://www.googleapis.com/auth/cloudplatformprojects.readonly","https://www.googleapis.com/auth/firebase","https://www.googleapis.com/auth/cloud-platform"]
[debug] [2022-11-24T10:00:57.370Z] > authorizing via signed-in user (saimasawrin123@gmail.com)
[info] 
     ######## #### ########  ######## ########     ###     ######  ########
     ##        ##  ##     ## ##       ##     ##  ##   ##  ##       ##
     ######    ##  ########  ######   ########  #########  ######  ######
     ##        ##  ##    ##  ##       ##     ## ##     ##       ## ##
     ##       #### ##     ## ######## ########  ##     ##  ######  ########

You're about to initialize a Firebase project in this directory:

  F:\react\Assignment-12\recycle-bin-client-side

[debug] [2022-11-24T10:00:58.011Z] <<< [apiv2][status] GET https://firebase-public.firebaseio.com/cli.json 200
[debug] [2022-11-24T10:00:58.012Z] <<< [apiv2][body] GET https://firebase-public.firebaseio.com/cli.json {"cloudBuildErrorAfter":1594252800000,"cloudBuildWarnAfter":1590019200000,"defaultNode10After":1594252800000,"minVersion":"3.0.5","node8DeploysDisabledAfter":1613390400000,"node8RuntimeDisabledAfter":1615809600000,"node8WarnAfter":1600128000000}
